<?xml version="1.0" encoding="UTF-8"?>
<!-- Generated by org.testng.reporters.JUnitReportReporter -->
<testsuite hostname="Temis-MBP.lan" failures="0" tests="1" name="saucedemotests.LoginTest" time="0.367" errors="0" timestamp="2025-05-20T11:00:31 EDT" skipped="0">
  <testcase classname="saucedemotests.LoginTest" name="testLoginFunction" time="0.367"/>
</testsuite> <!-- saucedemotests.LoginTest -->
