<?xml version="1.0" encoding="UTF-8"?>
<!-- Generated by org.testng.reporters.JUnitReportReporter -->
<testsuite hostname="Temis-MBP.lan" failures="0" tests="1" name="saucedemotests.ProductTest" time="2.362" errors="0" timestamp="2025-05-20T11:00:31 EDT" skipped="0">
  <testcase classname="saucedemotests.ProductTest" name="addProducts" time="2.362"/>
</testsuite> <!-- saucedemotests.ProductTest -->
