<?xml version="1.0" encoding="UTF-8"?>
<!-- Generated by org.testng.reporters.JUnitReportReporter -->
<testsuite hostname="Temis-MBP.lan" failures="0" tests="1" name="saucedemotests.ChekoutTest" time="6.862" errors="0" timestamp="2025-05-14T13:23:27 EDT" skipped="0">
  <testcase classname="saucedemotests.ChekoutTest" name="proceedToCheckout" time="6.862"/>
</testsuite> <!-- saucedemotests.ChekoutTest -->
