<?xml version="1.0" encoding="UTF-8"?>
<!-- Generated by org.testng.reporters.JUnitReportReporter -->
<testsuite hostname="Temis-MBP.lan" failures="0" tests="1" name="saucedemotests.ProductTest" time="3.132" errors="0" timestamp="2025-05-16T13:33:05 EDT" skipped="0">
  <testcase classname="saucedemotests.ProductTest" name="addProducts" time="3.132"/>
</testsuite> <!-- saucedemotests.ProductTest -->
