<?xml version="1.0" encoding="UTF-8"?>
<!-- Generated by org.testng.reporters.JUnitReportReporter -->
<testsuite hostname="MacBookPro-124.lan" failures="0" tests="1" name="saucedemotests.ProductTest" time="2.571" errors="0" timestamp="2025-07-01T23:42:49 EDT" skipped="0">
  <testcase classname="saucedemotests.ProductTest" name="addProducts" time="2.571"/>
</testsuite> <!-- saucedemotests.ProductTest -->
