<?xml version="1.0" encoding="UTF-8"?>
<!-- Generated by org.testng.reporters.JUnitReportReporter -->
<testsuite hostname="MacBookPro-124.lan" failures="0" tests="1" name="saucedemotests.LoginTest" time="0.455" errors="0" timestamp="2025-07-01T23:42:49 EDT" skipped="0">
  <testcase classname="saucedemotests.LoginTest" name="testLoginFunction" time="0.455"/>
</testsuite> <!-- saucedemotests.LoginTest -->
